"Start of log file."
"C:/Users/Mackay/Desktop/MACKAY~1/MACKAY~1/Assets/Prefabs/Archer.max"
"Starting max loading and fbx conversion"
window = undefined
"Settings units"
"Before fbx export"
"After fbx export"
"Finished max loading and fbx conversion"
"C:/Users/Mackay/Desktop/MACKAY~1/MACKAY~1/Assets/Prefabs/Knight.max"
"Starting max loading and fbx conversion"
window = undefined
"Settings units"
"Before fbx export"
"After fbx export"
"Finished max loading and fbx conversion"
"C:/Users/Mackay/Desktop/MACKAY~1/MACKAY~1/Assets/Prefabs/Wizard.max"
"Starting max loading and fbx conversion"
window = undefined
"Settings units"
"Before fbx export"
"After fbx export"
"Finished max loading and fbx conversion"
"C:/Users/Mackay/Desktop/MACKAY~1/MACKAY~1/Assets/Prefabs/WIZARD~1.MAX"
"Starting max loading and fbx conversion"
window = undefined
"Settings units"
"Before fbx export"
"After fbx export"
"Finished max loading and fbx conversion"
"C:/Users/Mackay/Desktop/MACKAY~1/MACKAY~1/Assets/Prefabs/ARCHER~1.MAX"
"Starting max loading and fbx conversion"
window = undefined
"Settings units"
"Before fbx export"
"After fbx export"
"Finished max loading and fbx conversion"
"C:/Users/Mackay/Desktop/MACKAY~1/MACKAY~1/Assets/Prefabs/KNIGHT~1.MAX"
"Starting max loading and fbx conversion"
window = undefined
"Settings units"
"Before fbx export"
"After fbx export"
"Finished max loading and fbx conversion"
